# JRE version: Java(TM) SE Runtime Environment (8.0_31-b13) (build 1.8.0_31-b13)
# Java VM: Java HotSpot(TM) 64-Bit Server VM (25.31-b07 mixed mode linux-amd64 compressed oops)
Heap:
 PSYoungGen      total 34304K, used 28279K [0x00000000eb700000, 0x00000000edb00000, 0x0000000100000000)
  eden space 31744K, 81% used [0x00000000eb700000,0x00000000ed0203f0,0x00000000ed600000)
  from space 2560K, 99% used [0x00000000ed880000,0x00000000edafdb50,0x00000000edb00000)
  to   space 2560K, 0% used [0x00000000ed600000,0x00000000ed600000,0x00000000ed880000)
 ParOldGen       total 42496K, used 7036K [0x00000000c2400000, 0x00000000c4d80000, 0x00000000eb700000)
  object space 42496K, 16% used [0x00000000c2400000,0x00000000c2adf3c8,0x00000000c4d80000)
 Metaspace       used 19492K, capacity 19578K, committed 19968K, reserved 1067008K
  class space    used 2429K, capacity 2461K, committed 2560K, reserved 1048576K
GC Heap History (8 events):
Event: 0,390 GC heap before
{Heap before GC invocations=1 (full 0):
 PSYoungGen      total 18432K, used 15872K [0x00000000eb700000, 0x00000000ecb80000, 0x0000000100000000)
  eden space 15872K, 100% used [0x00000000eb700000,0x00000000ec680000,0x00000000ec680000)
  from space 2560K, 0% used [0x00000000ec900000,0x00000000ec900000,0x00000000ecb80000)
  to   space 2560K, 0% used [0x00000000ec680000,0x00000000ec680000,0x00000000ec900000)
 ParOldGen       total 42496K, used 0K [0x00000000c2400000, 0x00000000c4d80000, 0x00000000eb700000)
  object space 42496K, 0% used [0x00000000c2400000,0x00000000c2400000,0x00000000c4d80000)
 Metaspace       used 2877K, capacity 4496K, committed 4864K, reserved 1056768K
  class space    used 305K, capacity 388K, committed 512K, reserved 1048576K
Event: 0,393 GC heap after
Heap after GC invocations=1 (full 0):
 PSYoungGen      total 18432K, used 836K [0x00000000eb700000, 0x00000000ecb80000, 0x0000000100000000)
  eden space 15872K, 0% used [0x00000000eb700000,0x00000000eb700000,0x00000000ec680000)
  from space 2560K, 32% used [0x00000000ec680000,0x00000000ec751370,0x00000000ec900000)
  to   space 2560K, 0% used [0x00000000ec900000,0x00000000ec900000,0x00000000ecb80000)
 ParOldGen       total 42496K, used 8K [0x00000000c2400000, 0x00000000c4d80000, 0x00000000eb700000)
  object space 42496K, 0% used [0x00000000c2400000,0x00000000c2402000,0x00000000c4d80000)
 Metaspace       used 2877K, capacity 4496K, committed 4864K, reserved 1056768K
  class space    used 305K, capacity 388K, committed 512K, reserved 1048576K
}
Event: 1,585 GC heap before
{Heap before GC invocations=2 (full 0):
 PSYoungGen      total 18432K, used 16708K [0x00000000eb700000, 0x00000000ecb80000, 0x0000000100000000)
  eden space 15872K, 100% used [0x00000000eb700000,0x00000000ec680000,0x00000000ec680000)
  from space 2560K, 32% used [0x00000000ec680000,0x00000000ec751370,0x00000000ec900000)
  to   space 2560K, 0% used [0x00000000ec900000,0x00000000ec900000,0x00000000ecb80000)
 ParOldGen       total 42496K, used 8K [0x00000000c2400000, 0x00000000c4d80000, 0x00000000eb700000)
  object space 42496K, 0% used [0x00000000c2400000,0x00000000c2402000,0x00000000c4d80000)
 Metaspace       used 8709K, capacity 8766K, committed 8832K, reserved 1056768K
  class space    used 1091K, capacity 1109K, committed 1152K, reserved 1048576K
Event: 1,597 GC heap after
Heap after GC invocations=2 (full 0):
 PSYoungGen      total 18432K, used 2528K [0x00000000eb700000, 0x00000000ecb80000, 0x0000000100000000)
  eden space 15872K, 0% used [0x00000000eb700000,0x00000000eb700000,0x00000000ec680000)
  from space 2560K, 98% used [0x00000000ec900000,0x00000000ecb782a8,0x00000000ecb80000)
  to   space 2560K, 0% used [0x00000000ec680000,0x00000000ec680000,0x00000000ec900000)
 ParOldGen       total 42496K, used 1489K [0x00000000c2400000, 0x00000000c4d80000, 0x00000000eb700000)
  object space 42496K, 3% used [0x00000000c2400000,0x00000000c25747f8,0x00000000c4d80000)
 Metaspace       used 8709K, capacity 8766K, committed 8832K, reserved 1056768K
  class space    used 1091K, capacity 1109K, committed 1152K, reserved 1048576K
}
Event: 2,533 GC heap before
{Heap before GC invocations=3 (full 0):
 PSYoungGen      total 18432K, used 18400K [0x00000000eb700000, 0x00000000ecb80000, 0x0000000100000000)
  eden space 15872K, 100% used [0x00000000eb700000,0x00000000ec680000,0x00000000ec680000)
  from space 2560K, 98% used [0x00000000ec900000,0x00000000ecb782a8,0x00000000ecb80000)
  to   space 2560K, 0% used [0x00000000ec680000,0x00000000ec680000,0x00000000ec900000)
 ParOldGen       total 42496K, used 1489K [0x00000000c2400000, 0x00000000c4d80000, 0x00000000eb700000)
  object space 42496K, 3% used [0x00000000c2400000,0x00000000c25747f8,0x00000000c4d80000)
 Metaspace       used 13350K, capacity 13406K, committed 13440K, reserved 1060864K
  class space    used 1633K, capacity 1653K, committed 1664K, reserved 1048576K
Event: 2,547 GC heap after
Heap after GC invocations=3 (full 0):
 PSYoungGen      total 18432K, used 2550K [0x00000000eb700000, 0x00000000edb00000, 0x0000000100000000)
  eden space 15872K, 0% used [0x00000000eb700000,0x00000000eb700000,0x00000000ec680000)
  from space 2560K, 99% used [0x00000000ec680000,0x00000000ec8fdb30,0x00000000ec900000)
  to   space 2560K, 0% used [0x00000000ed880000,0x00000000ed880000,0x00000000edb00000)
 ParOldGen       total 42496K, used 4449K [0x00000000c2400000, 0x00000000c4d80000, 0x00000000eb700000)
  object space 42496K, 10% used [0x00000000c2400000,0x00000000c28585d0,0x00000000c4d80000)
 Metaspace       used 13350K, capacity 13406K, committed 13440K, reserved 1060864K
  class space    used 1633K, capacity 1653K, committed 1664K, reserved 1048576K
}
Event: 3,100 GC heap before
{Heap before GC invocations=4 (full 0):
 PSYoungGen      total 18432K, used 18331K [0x00000000eb700000, 0x00000000edb00000, 0x0000000100000000)
  eden space 15872K, 99% used [0x00000000eb700000,0x00000000ec669328,0x00000000ec680000)
  from space 2560K, 99% used [0x00000000ec680000,0x00000000ec8fdb30,0x00000000ec900000)
  to   space 2560K, 0% used [0x00000000ed880000,0x00000000ed880000,0x00000000edb00000)
 ParOldGen       total 42496K, used 4449K [0x00000000c2400000, 0x00000000c4d80000, 0x00000000eb700000)
  object space 42496K, 10% used [0x00000000c2400000,0x00000000c28585d0,0x00000000c4d80000)
 Metaspace       used 15580K, capacity 15658K, committed 15872K, reserved 1062912K
  class space    used 1941K, capacity 1975K, committed 2048K, reserved 1048576K
Event: 3,113 GC heap after
Heap after GC invocations=4 (full 0):
 PSYoungGen      total 34304K, used 2550K [0x00000000eb700000, 0x00000000edb00000, 0x0000000100000000)
  eden space 31744K, 0% used [0x00000000eb700000,0x00000000eb700000,0x00000000ed600000)
  from space 2560K, 99% used [0x00000000ed880000,0x00000000edafdb50,0x00000000edb00000)
  to   space 2560K, 0% used [0x00000000ed600000,0x00000000ed600000,0x00000000ed880000)
 ParOldGen       total 42496K, used 7036K [0x00000000c2400000, 0x00000000c4d80000, 0x00000000eb700000)
  object space 42496K, 16% used [0x00000000c2400000,0x00000000c2adf3c8,0x00000000c4d80000)
 Metaspace       used 15580K, capacity 15658K, committed 15872K, reserved 1062912K
  class space    used 1941K, capacity 1975K, committed 2048K, reserved 1048576K
}

